{"level":"info","message":"Server is listening on http://localhost:3000"}
{"level":"info","message":"Mongoose connected to db"}
{"level":"info","message":"Connected to MongoDB"}
{"level":"info","message":"Server is listening on http://localhost:3001"}
{"level":"info","message":"Mongoose connected to db"}
{"level":"info","message":"Connected to MongoDB"}
{"level":"info","message":"Server is listening on http://localhost:3000"}
{"level":"info","message":"Mongoose connected to db"}
{"level":"info","message":"Connected to MongoDB"}
{"level":"info","message":"Received request for GET /"}
{"level":"info","message":"Received request for GET /"}
{"level":"info","message":"Received request for GET /"}
{"level":"info","message":"Received request for GET /"}
{"level":"info","message":"Received request for GET /"}
{"level":"info","message":"Mongoose connection is disconnected"}
{"level":"info","message":"Mongoose connected to db"}
{"level":"info","message":"Received request for GET /"}
{"level":"info","message":"Received request for POST /"}
{"level":"info","message":"Server is listening on http://localhost:3000"}
{"level":"info","message":"Mongoose connected to db"}
{"level":"info","message":"Connected to MongoDB"}
{"level":"info","message":"Server is listening on http://localhost:3000"}
{"level":"info","message":"Mongoose connected to db"}
{"level":"info","message":"Connected to MongoDB"}
{"level":"info","message":"Server is listening on http://localhost:3000"}
{"level":"info","message":"Mongoose connected to db"}
{"level":"info","message":"Connected to MongoDB"}
{"level":"info","message":"Server is listening on http://localhost:3000"}
{"level":"info","message":"Mongoose connected to db"}
{"level":"info","message":"Connected to MongoDB"}
{"level":"info","message":"Server is listening on http://localhost:3000"}
{"level":"info","message":"Mongoose connected to db"}
{"level":"info","message":"Connected to MongoDB"}
{"level":"error","message":"Error connecting to MongoDB loadInitialData is not defined","stack":"ReferenceError: loadInitialData is not defined\n    at file:///C:/Users/dietb/VSprojects/vuetify-project/server.mjs:33:5\n    at process.processTicksAndRejections (node:internal/process/task_queues:95:5)"}
{"level":"info","message":"Server is listening on http://localhost:3000"}
{"level":"info","message":"Mongoose connected to db"}
{"level":"info","message":"Connected to MongoDB"}
{"level":"info","message":"Server is listening on http://localhost:3000"}
{"level":"info","message":"Mongoose connected to db"}
{"level":"info","message":"Connected to MongoDB"}
{"level":"error","message":"Error connecting to MongoDB loadInitialData is not defined","stack":"ReferenceError: loadInitialData is not defined\n    at file:///C:/Users/dietb/VSprojects/vuetify-project/server.mjs:34:5\n    at process.processTicksAndRejections (node:internal/process/task_queues:95:5)"}
{"level":"info","message":"Server is listening on http://localhost:3000"}
{"level":"info","message":"Mongoose connected to db"}
{"level":"info","message":"Connected to MongoDB"}
{"level":"error","message":"Error connecting to MongoDB loadInitialData is not defined","stack":"ReferenceError: loadInitialData is not defined\n    at file:///C:/Users/dietb/VSprojects/vuetify-project/server.mjs:34:5\n    at process.processTicksAndRejections (node:internal/process/task_queues:95:5)"}
{"level":"info","message":"Server is listening on http://localhost:3000"}
{"level":"info","message":"Mongoose connected to db"}
{"level":"info","message":"Connected to MongoDB"}
{"level":"error","message":"Error connecting to MongoDB loadInitialData is not defined","stack":"ReferenceError: loadInitialData is not defined\n    at file:///C:/Users/dietb/VSprojects/vuetify-project/server.mjs:34:5\n    at process.processTicksAndRejections (node:internal/process/task_queues:95:5)"}
{"level":"info","message":"Server is listening on http://localhost:3000"}
{"level":"info","message":"Mongoose connected to db"}
{"level":"info","message":"Connected to MongoDB"}
{"level":"error","message":"Error connecting to MongoDB loadInitialData is not defined","stack":"ReferenceError: loadInitialData is not defined\n    at file:///C:/Users/dietb/VSprojects/vuetify-project/server.mjs:34:5\n    at process.processTicksAndRejections (node:internal/process/task_queues:95:5)"}
{"level":"error","message":"Ошибка проверки подписки 400: Bad Request: invalid user_id specified","on":{"method":"getChatMember","payload":{"chat_id":1,"user_id":"USER_ID"}},"response":{"description":"Bad Request: invalid user_id specified","error_code":400,"ok":false},"stack":"Error: 400: Bad Request: invalid user_id specified\n    at Telegram.callApi (C:\\Users\\dietb\\VSprojects\\vuetify-project\\node_modules\\telegraf\\lib\\core\\network\\client.js:315:19)\n    at process.processTicksAndRejections (node:internal/process/task_queues:95:5)\n    at async file:///C:/Users/dietb/VSprojects/vuetify-project/server.mjs:71:20"}
{"level":"info","message":"Server is listening on http://localhost:5173"}
{"level":"info","message":"Mongoose connected to db"}
{"level":"info","message":"Connected to MongoDB"}
{"level":"error","message":"Error connecting to MongoDB loadInitialData is not defined","stack":"ReferenceError: loadInitialData is not defined\n    at file:///C:/Users/dietb/VSprojects/vuetify-project/server.mjs:34:5\n    at process.processTicksAndRejections (node:internal/process/task_queues:95:5)"}
{"level":"info","message":"Server is listening on http://localhost:3000"}
{"level":"info","message":"Mongoose connected to db"}
{"level":"info","message":"Connected to MongoDB"}
{"level":"error","message":"Error connecting to MongoDB loadInitialData is not defined","stack":"ReferenceError: loadInitialData is not defined\n    at file:///C:/Users/dietb/VSprojects/vuetify-project/server.mjs:34:5\n    at process.processTicksAndRejections (node:internal/process/task_queues:95:5)"}
{"level":"info","message":"Server is listening on http://localhost:3000"}
{"level":"info","message":"Mongoose connected to db"}
{"level":"info","message":"Connected to MongoDB"}
{"level":"error","message":"Error connecting to MongoDB loadInitialData is not defined","stack":"ReferenceError: loadInitialData is not defined\n    at file:///C:/Users/dietb/VSprojects/vuetify-project/server.mjs:34:5\n    at process.processTicksAndRejections (node:internal/process/task_queues:95:5)"}
{"level":"info","message":"Server is listening on http://localhost:3000"}
{"level":"info","message":"Mongoose connected to db"}
{"level":"info","message":"Connected to MongoDB"}
{"level":"error","message":"Error connecting to MongoDB loadInitialData is not defined","stack":"ReferenceError: loadInitialData is not defined\n    at file:///C:/Users/dietb/VSprojects/vuetify-project/server.mjs:34:5\n    at process.processTicksAndRejections (node:internal/process/task_queues:95:5)"}
{"level":"info","message":"Server is listening on http://localhost:3000"}
{"level":"info","message":"Mongoose connected to db"}
{"level":"info","message":"Connected to MongoDB"}
{"level":"error","message":"Ошибка проверки подписки 400: Bad Request: invalid user_id specified","on":{"method":"getChatMember","payload":{"chat_id":1,"user_id":"USER_ID"}},"response":{"description":"Bad Request: invalid user_id specified","error_code":400,"ok":false},"stack":"Error: 400: Bad Request: invalid user_id specified\n    at Telegram.callApi (C:\\Users\\dietb\\VSprojects\\vuetify-project\\node_modules\\telegraf\\lib\\core\\network\\client.js:315:19)\n    at process.processTicksAndRejections (node:internal/process/task_queues:95:5)\n    at async file:///C:/Users/dietb/VSprojects/vuetify-project/server.mjs:71:20"}
{"level":"error","message":"Ошибка проверки подписки 400: Bad Request: invalid user_id specified","on":{"method":"getChatMember","payload":{"chat_id":1,"user_id":"USER_ID"}},"response":{"description":"Bad Request: invalid user_id specified","error_code":400,"ok":false},"stack":"Error: 400: Bad Request: invalid user_id specified\n    at Telegram.callApi (C:\\Users\\dietb\\VSprojects\\vuetify-project\\node_modules\\telegraf\\lib\\core\\network\\client.js:315:19)\n    at process.processTicksAndRejections (node:internal/process/task_queues:95:5)\n    at async file:///C:/Users/dietb/VSprojects/vuetify-project/server.mjs:71:20"}
{"level":"error","message":"Ошибка проверки подписки 400: Bad Request: invalid user_id specified","on":{"method":"getChatMember","payload":{"chat_id":2,"user_id":"USER_ID"}},"response":{"description":"Bad Request: invalid user_id specified","error_code":400,"ok":false},"stack":"Error: 400: Bad Request: invalid user_id specified\n    at Telegram.callApi (C:\\Users\\dietb\\VSprojects\\vuetify-project\\node_modules\\telegraf\\lib\\core\\network\\client.js:315:19)\n    at process.processTicksAndRejections (node:internal/process/task_queues:95:5)\n    at async file:///C:/Users/dietb/VSprojects/vuetify-project/server.mjs:71:20"}
{"level":"info","message":"Server is listening on http://localhost:3000"}
{"level":"info","message":"Mongoose connected to db"}
{"level":"info","message":"Connected to MongoDB"}
{"level":"info","message":"Server is listening on http://localhost:3000"}
{"level":"info","message":"Mongoose connected to db"}
{"level":"info","message":"Connected to MongoDB"}
{"level":"info","message":"Server is listening on http://localhost:5173"}
{"level":"info","message":"Mongoose connected to db"}
{"level":"info","message":"Connected to MongoDB"}
{"level":"error","message":"Error connecting to MongoDB loadInitialData is not defined","stack":"ReferenceError: loadInitialData is not defined\n    at file:///C:/Users/dietb/VSprojects/vuetify-project/server.mjs:34:5\n    at process.processTicksAndRejections (node:internal/process/task_queues:95:5)"}
{"level":"info","message":"Server is listening on http://localhost:3000"}
{"level":"info","message":"Mongoose connected to db"}
{"level":"info","message":"Connected to MongoDB"}
{"level":"error","message":"Error connecting to MongoDB loadInitialData is not defined","stack":"ReferenceError: loadInitialData is not defined\n    at file:///C:/Users/dietb/VSprojects/vuetify-project/server.mjs:34:5\n    at process.processTicksAndRejections (node:internal/process/task_queues:95:5)"}
{"level":"info","message":"Server is listening on http://localhost:5173"}
{"level":"info","message":"Mongoose connected to db"}
{"level":"info","message":"Connected to MongoDB"}
{"level":"info","message":"Server is listening on http://localhost:3000"}
{"level":"info","message":"Mongoose connected to db"}
{"level":"info","message":"Connected to MongoDB"}
{"level":"error","message":"Ошибка проверки подписки 400: Bad Request: invalid user_id specified","on":{"method":"getChatMember","payload":{"chat_id":2,"user_id":"USER_ID"}},"response":{"description":"Bad Request: invalid user_id specified","error_code":400,"ok":false},"stack":"Error: 400: Bad Request: invalid user_id specified\n    at Telegram.callApi (C:\\Users\\dietb\\VSprojects\\vuetify-project\\node_modules\\telegraf\\lib\\core\\network\\client.js:315:19)\n    at process.processTicksAndRejections (node:internal/process/task_queues:95:5)\n    at async file:///C:/Users/dietb/VSprojects/vuetify-project/server.mjs:71:20"}
{"level":"error","message":"Ошибка проверки подписки 400: Bad Request: invalid user_id specified","on":{"method":"getChatMember","payload":{"chat_id":1,"user_id":"USER_ID"}},"response":{"description":"Bad Request: invalid user_id specified","error_code":400,"ok":false},"stack":"Error: 400: Bad Request: invalid user_id specified\n    at Telegram.callApi (C:\\Users\\dietb\\VSprojects\\vuetify-project\\node_modules\\telegraf\\lib\\core\\network\\client.js:315:19)\n    at process.processTicksAndRejections (node:internal/process/task_queues:95:5)\n    at async file:///C:/Users/dietb/VSprojects/vuetify-project/server.mjs:71:20"}
{"level":"info","message":"Server is listening on http://localhost:3000"}
{"level":"info","message":"Server is listening on http://localhost:3000"}
{"level":"info","message":"Server is listening on http://localhost:2173"}
{"level":"info","message":"Mongoose connected to db"}
{"level":"info","message":"Connected to MongoDB"}
{"level":"error","message":"Error connecting to MongoDB loadInitialData is not defined","stack":"ReferenceError: loadInitialData is not defined\n    at file:///C:/Users/dietb/VSprojects/vuetify-project/server.mjs:34:5\n    at process.processTicksAndRejections (node:internal/process/task_queues:95:5)"}
{"level":"info","message":"Server is listening on http://localhost:2173"}
{"level":"info","message":"Mongoose connected to db"}
{"level":"info","message":"Connected to MongoDB"}
{"level":"error","message":"Error connecting to MongoDB loadInitialData is not defined","stack":"ReferenceError: loadInitialData is not defined\n    at file:///C:/Users/dietb/VSprojects/vuetify-project/server.mjs:34:5\n    at process.processTicksAndRejections (node:internal/process/task_queues:95:5)"}
{"level":"info","message":"Server is listening on http://localhost:2173"}
{"level":"info","message":"Mongoose connected to db"}
{"level":"info","message":"Connected to MongoDB"}
{"level":"error","message":"Error connecting to MongoDB loadInitialData is not defined","stack":"ReferenceError: loadInitialData is not defined\n    at file:///C:/Users/dietb/VSprojects/vuetify-project/server.mjs:34:5\n    at process.processTicksAndRejections (node:internal/process/task_queues:95:5)"}
{"level":"info","message":"Server is listening on http://localhost:3000"}
{"level":"info","message":"Mongoose connected to db"}
{"level":"info","message":"Connected to MongoDB"}
{"level":"error","message":"Ошибка проверки подписки 400: Bad Request: invalid user_id specified","on":{"method":"getChatMember","payload":{"chat_id":1,"user_id":"USER_ID"}},"response":{"description":"Bad Request: invalid user_id specified","error_code":400,"ok":false},"stack":"Error: 400: Bad Request: invalid user_id specified\n    at Telegram.callApi (C:\\Users\\dietb\\VSprojects\\vuetify-project\\node_modules\\telegraf\\lib\\core\\network\\client.js:315:19)\n    at process.processTicksAndRejections (node:internal/process/task_queues:95:5)\n    at async file:///C:/Users/dietb/VSprojects/vuetify-project/server.mjs:71:20"}
